TN:
SF:src/controllers/task.controller.js
FN:8,(anonymous_0)
FN:108,(anonymous_1)
FN:127,(anonymous_2)
FN:185,(anonymous_3)
FN:215,(anonymous_4)
FN:268,(anonymous_5)
FN:295,(anonymous_6)
FN:301,(anonymous_7)
FN:325,(anonymous_8)
FN:343,(anonymous_9)
FN:348,(anonymous_10)
FN:351,(anonymous_11)
FN:352,(anonymous_12)
FN:356,(anonymous_13)
FN:357,(anonymous_14)
FN:358,(anonymous_15)
FN:411,(anonymous_16)
FN:450,(anonymous_17)
FN:469,(anonymous_18)
FN:510,(anonymous_19)
FN:529,(anonymous_20)
FN:553,(anonymous_21)
FN:588,(anonymous_22)
FN:710,(anonymous_23)
FN:742,(anonymous_24)
FNF:25
FNH:1
FNDA:3,(anonymous_0)
FNDA:0,(anonymous_1)
FNDA:0,(anonymous_2)
FNDA:0,(anonymous_3)
FNDA:0,(anonymous_4)
FNDA:0,(anonymous_5)
FNDA:0,(anonymous_6)
FNDA:0,(anonymous_7)
FNDA:0,(anonymous_8)
FNDA:0,(anonymous_9)
FNDA:0,(anonymous_10)
FNDA:0,(anonymous_11)
FNDA:0,(anonymous_12)
FNDA:0,(anonymous_13)
FNDA:0,(anonymous_14)
FNDA:0,(anonymous_15)
FNDA:0,(anonymous_16)
FNDA:0,(anonymous_17)
FNDA:0,(anonymous_18)
FNDA:0,(anonymous_19)
FNDA:0,(anonymous_20)
FNDA:0,(anonymous_21)
FNDA:0,(anonymous_22)
FNDA:0,(anonymous_23)
FNDA:0,(anonymous_24)
DA:8,1
DA:9,3
DA:10,3
DA:13,3
DA:14,1
DA:16,2
DA:17,1
DA:21,1
DA:22,1
DA:23,1
DA:27,0
DA:28,0
DA:29,0
DA:30,0
DA:35,0
DA:37,0
DA:39,0
DA:41,0
DA:45,0
DA:46,0
DA:47,0
DA:50,0
DA:51,0
DA:53,0
DA:54,0
DA:56,0
DA:61,0
DA:74,0
DA:79,0
DA:85,0
DA:86,0
DA:87,0
DA:93,0
DA:94,0
DA:99,0
DA:108,1
DA:109,0
DA:113,0
DA:115,0
DA:116,0
DA:119,0
DA:122,0
DA:123,0
DA:124,0
DA:126,0
DA:127,0
DA:131,0
DA:132,0
DA:140,0
DA:141,0
DA:145,0
DA:146,0
DA:150,0
DA:151,0
DA:155,0
DA:163,0
DA:165,0
DA:176,0
DA:177,0
DA:185,1
DA:186,0
DA:187,0
DA:189,0
DA:194,0
DA:195,0
DA:201,0
DA:206,0
DA:207,0
DA:215,1
DA:216,0
DA:217,0
DA:218,0
DA:221,0
DA:222,0
DA:223,0
DA:230,0
DA:246,0
DA:247,0
DA:253,0
DA:259,0
DA:260,0
DA:268,1
DA:269,0
DA:270,0
DA:272,0
DA:274,0
DA:275,0
DA:281,0
DA:286,0
DA:287,0
DA:295,1
DA:296,0
DA:297,0
DA:300,0
DA:301,0
DA:304,0
DA:310,0
DA:315,0
DA:316,0
DA:325,1
DA:326,0
DA:328,0
DA:332,0
DA:333,0
DA:342,0
DA:343,0
DA:347,0
DA:348,0
DA:351,0
DA:352,0
DA:353,0
DA:356,0
DA:357,0
DA:358,0
DA:361,0
DA:365,0
DA:369,0
DA:373,0
DA:391,0
DA:399,0
DA:400,0
DA:411,1
DA:412,0
DA:413,0
DA:415,0
DA:419,0
DA:420,0
DA:421,0
DA:428,0
DA:430,0
DA:438,0
DA:439,0
DA:441,0
DA:450,1
DA:451,0
DA:455,0
DA:457,0
DA:458,0
DA:461,0
DA:464,0
DA:465,0
DA:466,0
DA:468,0
DA:469,0
DA:473,0
DA:474,0
DA:482,0
DA:483,0
DA:487,0
DA:488,0
DA:492,0
DA:493,0
DA:497,0
DA:498,0
DA:501,0
DA:509,0
DA:511,0
DA:513,0
DA:514,0
DA:515,0
DA:518,0
DA:519,0
DA:522,0
DA:523,0
DA:525,0
DA:526,0
DA:529,0
DA:532,0
DA:534,0
DA:545,0
DA:546,0
DA:553,1
DA:554,0
DA:555,0
DA:558,0
DA:559,0
DA:560,0
DA:568,0
DA:569,0
DA:571,0
DA:572,0
DA:574,0
DA:579,0
DA:580,0
DA:588,1
DA:589,0
DA:590,0
DA:597,0
DA:598,0
DA:599,0
DA:602,0
DA:603,0
DA:611,0
DA:621,0
DA:624,0
DA:625,0
DA:626,0
DA:627,0
DA:633,0
DA:640,0
DA:641,0
DA:645,0
DA:646,0
DA:648,0
DA:654,0
DA:656,0
DA:657,0
DA:665,0
DA:674,0
DA:675,0
DA:676,0
DA:683,0
DA:684,0
DA:688,0
DA:689,0
DA:692,0
DA:694,0
DA:701,0
DA:702,0
DA:710,1
DA:711,0
DA:712,0
DA:714,0
DA:720,0
DA:721,0
DA:727,0
DA:733,0
DA:734,0
DA:742,1
DA:743,0
DA:744,0
DA:745,0
DA:747,0
DA:750,0
DA:751,0
DA:752,0
DA:758,0
DA:759,0
DA:765,0
DA:766,0
LF:240
LH:22
BRDA:13,0,0,1
BRDA:13,0,1,2
BRDA:16,1,0,1
BRDA:16,1,1,1
BRDA:22,2,0,1
BRDA:22,2,1,0
BRDA:27,3,0,0
BRDA:27,3,1,0
BRDA:29,4,0,0
BRDA:29,4,1,0
BRDA:45,5,0,0
BRDA:45,5,1,0
BRDA:45,6,0,0
BRDA:45,6,1,0
BRDA:53,7,0,0
BRDA:53,7,1,0
BRDA:64,8,0,0
BRDA:64,8,1,0
BRDA:65,9,0,0
BRDA:65,9,1,0
BRDA:66,10,0,0
BRDA:66,10,1,0
BRDA:67,11,0,0
BRDA:67,11,1,0
BRDA:69,12,0,0
BRDA:69,12,1,0
BRDA:86,13,0,0
BRDA:86,13,1,0
BRDA:93,14,0,0
BRDA:93,14,1,0
BRDA:112,15,0,0
BRDA:112,16,0,0
BRDA:122,17,0,0
BRDA:122,17,1,0
BRDA:124,18,0,0
BRDA:124,18,1,0
BRDA:131,19,0,0
BRDA:131,19,1,0
BRDA:140,20,0,0
BRDA:140,20,1,0
BRDA:145,21,0,0
BRDA:145,21,1,0
BRDA:150,22,0,0
BRDA:150,22,1,0
BRDA:194,23,0,0
BRDA:194,23,1,0
BRDA:222,24,0,0
BRDA:222,24,1,0
BRDA:237,25,0,0
BRDA:237,25,1,0
BRDA:238,26,0,0
BRDA:238,26,1,0
BRDA:246,27,0,0
BRDA:246,27,1,0
BRDA:274,28,0,0
BRDA:274,28,1,0
BRDA:297,29,0,0
BRDA:332,30,0,0
BRDA:332,30,1,0
BRDA:353,31,0,0
BRDA:353,31,1,0
BRDA:378,32,0,0
BRDA:378,32,1,0
BRDA:379,33,0,0
BRDA:379,33,1,0
BRDA:380,34,0,0
BRDA:380,34,1,0
BRDA:402,35,0,0
BRDA:402,35,1,0
BRDA:419,36,0,0
BRDA:419,36,1,0
BRDA:419,37,0,0
BRDA:419,37,1,0
BRDA:444,38,0,0
BRDA:444,38,1,0
BRDA:454,39,0,0
BRDA:454,40,0,0
BRDA:454,41,0,0
BRDA:464,42,0,0
BRDA:464,42,1,0
BRDA:466,43,0,0
BRDA:466,43,1,0
BRDA:473,44,0,0
BRDA:473,44,1,0
BRDA:482,45,0,0
BRDA:482,45,1,0
BRDA:487,46,0,0
BRDA:487,46,1,0
BRDA:492,47,0,0
BRDA:492,47,1,0
BRDA:513,48,0,0
BRDA:513,48,1,0
BRDA:522,49,0,0
BRDA:522,49,1,0
BRDA:522,50,0,0
BRDA:522,50,1,0
BRDA:559,51,0,0
BRDA:559,51,1,0
BRDA:602,52,0,0
BRDA:602,52,1,0
BRDA:616,53,0,0
BRDA:616,53,1,0
BRDA:625,54,0,0
BRDA:625,54,1,0
BRDA:640,55,0,0
BRDA:640,55,1,0
BRDA:675,56,0,0
BRDA:675,56,1,0
BRDA:683,57,0,0
BRDA:683,57,1,0
BRDA:720,58,0,0
BRDA:720,58,1,0
BRDA:750,59,0,0
BRDA:750,59,1,0
BRF:114
BRH:5
end_of_record
TN:
SF:src/models/resourceType.model.js
FNF:0
FNH:0
DA:2,1
DA:12,1
LF:2
LH:2
BRF:0
BRH:0
end_of_record
TN:
SF:src/models/workspace.model.js
FNF:0
FNH:0
DA:3,1
DA:5,1
DA:42,1
LF:3
LH:3
BRF:0
BRH:0
end_of_record
